<?xml version="1.0" encoding="UTF-8"?>
<!-- Generated by org.testng.reporters.JUnitXMLReporter -->
<testsuite ignored="0" hostname="TPLEAH001" failures="0" tests="3" name="Default test" time="10.663" errors="0" timestamp="2023-02-22T19:50:55 EST">
  <testcase classname="Swag_Labs.Multiple_TestCase" name="Test1" time="5.643"/>
  <testcase classname="Swag_Labs.Multiple_TestCase" name="Test2" time="0.126"/>
  <testcase classname="Swag_Labs.Multiple_TestCase" name="Test3" time="4.78"/>
</testsuite> <!-- Default test -->
