<?xml version="1.0" encoding="UTF-8"?>
<!-- Generated by org.testng.reporters.JUnitXMLReporter -->
<testsuite ignored="1" hostname="TPLEAH001" failures="0" tests="2" name="Test group a" time="8.814" errors="0" timestamp="2023-02-23T16:24:42 EST">
  <testcase classname="Swag_Labs.Multiple_TestCase" name="Test1" time="8.249"/>
  <testcase classname="Swag_Labs.Multiple_TestCase" name="Test3" time="8.578"/>
  <testcase classname="Swag_Labs.Multiple_TestCase" name="Test2" time="0.0">
    <ignored/>
  </testcase> <!-- Test2 -->
</testsuite> <!-- Test group a -->
