<?xml version="1.0" encoding="UTF-8"?>
<!-- Generated by org.testng.reporters.JUnitXMLReporter -->
<testsuite ignored="1" hostname="TPLEAH001" failures="0" tests="2" name="Test group b" time="6.269" errors="0" timestamp="2023-02-22T19:44:23 EST">
  <testcase classname="Swag_Labs.Multiple_TestCase" name="Test1" time="5.935"/>
  <testcase classname="Swag_Labs.Multiple_TestCase" name="Test2" time="0.216"/>
  <testcase classname="Swag_Labs.Multiple_TestCase" name="Test3" time="0.0">
    <ignored/>
  </testcase> <!-- Test3 -->
</testsuite> <!-- Test group b -->
